  [1m[35m (3.1ms)[0m  [1m[35mCREATE TABLE "schema_migrations" ("version" varchar NOT NULL PRIMARY KEY)[0m
  [1m[35m (2.9ms)[0m  [1m[35mCREATE TABLE "ar_internal_metadata" ("key" varchar NOT NULL PRIMARY KEY, "value" varchar, "created_at" datetime(6) NOT NULL, "updated_at" datetime(6) NOT NULL)[0m
  [1m[36mActiveRecord::SchemaMigration Pluck (0.2ms)[0m  [1m[34mSELECT "schema_migrations"."version" FROM "schema_migrations" ORDER BY "schema_migrations"."version" ASC[0m
Migrating to CreateUsers (20230605085244)
  [1m[36mTRANSACTION (0.1ms)[0m  [1m[36mbegin transaction[0m
  [1m[35m (0.3ms)[0m  [1m[35mCREATE TABLE "users" ("id" integer PRIMARY KEY AUTOINCREMENT NOT NULL, "name" varchar, "email" varchar, "account_number" decimal, "account_balance" decimal, "password" varchar, "created_at" datetime(6) NOT NULL, "updated_at" datetime(6) NOT NULL)[0m
  [1m[36mActiveRecord::SchemaMigration Create (0.4ms)[0m  [1m[32mINSERT INTO "schema_migrations" ("version") VALUES (?)[0m  [["version", "20230605085244"]]
  [1m[36mTRANSACTION (2.8ms)[0m  [1m[36mcommit transaction[0m
  [1m[36mActiveRecord::InternalMetadata Load (0.2ms)[0m  [1m[34mSELECT "ar_internal_metadata".* FROM "ar_internal_metadata" WHERE "ar_internal_metadata"."key" = ? LIMIT ?[0m  [["key", "environment"], ["LIMIT", 1]]
  [1m[36mTRANSACTION (0.1ms)[0m  [1m[36mbegin transaction[0m
  [1m[36mActiveRecord::InternalMetadata Create (0.4ms)[0m  [1m[32mINSERT INTO "ar_internal_metadata" ("key", "value", "created_at", "updated_at") VALUES (?, ?, ?, ?)[0m  [["key", "environment"], ["value", "development"], ["created_at", "2023-06-05 08:54:28.245590"], ["updated_at", "2023-06-05 08:54:28.245590"]]
  [1m[36mTRANSACTION (2.0ms)[0m  [1m[36mcommit transaction[0m
  [1m[36mActiveRecord::SchemaMigration Pluck (0.1ms)[0m  [1m[34mSELECT "schema_migrations"."version" FROM "schema_migrations" ORDER BY "schema_migrations"."version" ASC[0m
  [1m[36mActiveRecord::SchemaMigration Pluck (0.1ms)[0m  [1m[34mSELECT "schema_migrations"."version" FROM "schema_migrations" ORDER BY "schema_migrations"."version" ASC[0m
  [1m[36mActiveRecord::SchemaMigration Pluck (0.3ms)[0m  [1m[34mSELECT "schema_migrations"."version" FROM "schema_migrations" ORDER BY "schema_migrations"."version" ASC[0m
  [1m[36mActiveRecord::InternalMetadata Load (0.5ms)[0m  [1m[34mSELECT "ar_internal_metadata".* FROM "ar_internal_metadata" WHERE "ar_internal_metadata"."key" = ? LIMIT ?[0m  [["key", "environment"], ["LIMIT", 1]]
  [1m[36mActiveRecord::SchemaMigration Pluck (0.1ms)[0m  [1m[34mSELECT "schema_migrations"."version" FROM "schema_migrations" ORDER BY "schema_migrations"."version" ASC[0m
  [1m[36mActiveRecord::SchemaMigration Pluck (0.1ms)[0m  [1m[34mSELECT "schema_migrations"."version" FROM "schema_migrations" ORDER BY "schema_migrations"."version" ASC[0m
  [1m[36mTRANSACTION (0.1ms)[0m  [1m[36mbegin transaction[0m
  [1m[36mUser Create (0.3ms)[0m  [1m[32mINSERT INTO "users" ("name", "email", "account_number", "account_balance", "password", "created_at", "updated_at") VALUES (?, ?, ?, ?, ?, ?, ?)[0m  [["name", "Veta Wisoky"], ["email", "ressie@morissette.test"], ["account_number", 2496970169.0], ["account_balance", nil], ["password", "[FILTERED]"], ["created_at", "2023-06-05 08:54:55.696167"], ["updated_at", "2023-06-05 08:54:55.696167"]]
  [1m[36mTRANSACTION (1.9ms)[0m  [1m[36mcommit transaction[0m
  [1m[36mTRANSACTION (0.1ms)[0m  [1m[36mbegin transaction[0m
  [1m[36mUser Create (0.3ms)[0m  [1m[32mINSERT INTO "users" ("name", "email", "account_number", "account_balance", "password", "created_at", "updated_at") VALUES (?, ?, ?, ?, ?, ?, ?)[0m  [["name", "Barrett Gislason"], ["email", "ira@boyle-lynch.example"], ["account_number", 2331318787.0], ["account_balance", nil], ["password", "[FILTERED]"], ["created_at", "2023-06-05 08:54:55.709019"], ["updated_at", "2023-06-05 08:54:55.709019"]]
  [1m[36mTRANSACTION (1.9ms)[0m  [1m[36mcommit transaction[0m
  [1m[36mTRANSACTION (0.1ms)[0m  [1m[36mbegin transaction[0m
  [1m[36mUser Create (0.4ms)[0m  [1m[32mINSERT INTO "users" ("name", "email", "account_number", "account_balance", "password", "created_at", "updated_at") VALUES (?, ?, ?, ?, ?, ?, ?)[0m  [["name", "Starla Bednar"], ["email", "hannah_kuhlman@stracke.example"], ["account_number", 4532506511.0], ["account_balance", nil], ["password", "[FILTERED]"], ["created_at", "2023-06-05 08:54:55.721954"], ["updated_at", "2023-06-05 08:54:55.721954"]]
  [1m[36mTRANSACTION (2.1ms)[0m  [1m[36mcommit transaction[0m
  [1m[36mTRANSACTION (0.1ms)[0m  [1m[36mbegin transaction[0m
  [1m[36mUser Create (0.3ms)[0m  [1m[32mINSERT INTO "users" ("name", "email", "account_number", "account_balance", "password", "created_at", "updated_at") VALUES (?, ?, ?, ?, ?, ?, ?)[0m  [["name", "Abram Auer"], ["email", "hannelore_toy@grady.example"], ["account_number", 6159679123.0], ["account_balance", nil], ["password", "[FILTERED]"], ["created_at", "2023-06-05 08:54:55.735549"], ["updated_at", "2023-06-05 08:54:55.735549"]]
  [1m[36mTRANSACTION (2.1ms)[0m  [1m[36mcommit transaction[0m
  [1m[36mTRANSACTION (0.1ms)[0m  [1m[36mbegin transaction[0m
  [1m[36mUser Create (0.4ms)[0m  [1m[32mINSERT INTO "users" ("name", "email", "account_number", "account_balance", "password", "created_at", "updated_at") VALUES (?, ?, ?, ?, ?, ?, ?)[0m  [["name", "Celsa Rohan"], ["email", "joshua.legros@bayer-bernier.test"], ["account_number", 9554038200.0], ["account_balance", nil], ["password", "[FILTERED]"], ["created_at", "2023-06-05 08:54:55.747765"], ["updated_at", "2023-06-05 08:54:55.747765"]]
  [1m[36mTRANSACTION (2.1ms)[0m  [1m[36mcommit transaction[0m
  [1m[36mTRANSACTION (0.1ms)[0m  [1m[36mbegin transaction[0m
  [1m[36mUser Create (0.4ms)[0m  [1m[32mINSERT INTO "users" ("name", "email", "account_number", "account_balance", "password", "created_at", "updated_at") VALUES (?, ?, ?, ?, ?, ?, ?)[0m  [["name", "Janna Schultz"], ["email", "francis_leannon@kovacek-yundt.example"], ["account_number", 8001116781.0], ["account_balance", nil], ["password", "[FILTERED]"], ["created_at", "2023-06-05 08:54:55.760158"], ["updated_at", "2023-06-05 08:54:55.760158"]]
  [1m[36mTRANSACTION (1.9ms)[0m  [1m[36mcommit transaction[0m
  [1m[36mTRANSACTION (0.1ms)[0m  [1m[36mbegin transaction[0m
  [1m[36mUser Create (0.3ms)[0m  [1m[32mINSERT INTO "users" ("name", "email", "account_number", "account_balance", "password", "created_at", "updated_at") VALUES (?, ?, ?, ?, ?, ?, ?)[0m  [["name", "Mr. Marianna Raynor"], ["email", "ashley@oreilly.example"], ["account_number", 8438606154.0], ["account_balance", nil], ["password", "[FILTERED]"], ["created_at", "2023-06-05 08:54:55.773907"], ["updated_at", "2023-06-05 08:54:55.773907"]]
  [1m[36mTRANSACTION (1.8ms)[0m  [1m[36mcommit transaction[0m
  [1m[36mTRANSACTION (0.1ms)[0m  [1m[36mbegin transaction[0m
  [1m[36mUser Create (0.3ms)[0m  [1m[32mINSERT INTO "users" ("name", "email", "account_number", "account_balance", "password", "created_at", "updated_at") VALUES (?, ?, ?, ?, ?, ?, ?)[0m  [["name", "Philip Bednar"], ["email", "clyde@macejkovic-gislason.example"], ["account_number", 7030966289.0], ["account_balance", nil], ["password", "[FILTERED]"], ["created_at", "2023-06-05 08:54:55.786460"], ["updated_at", "2023-06-05 08:54:55.786460"]]
  [1m[36mTRANSACTION (2.3ms)[0m  [1m[36mcommit transaction[0m
  [1m[36mTRANSACTION (0.1ms)[0m  [1m[36mbegin transaction[0m
  [1m[36mUser Create (0.4ms)[0m  [1m[32mINSERT INTO "users" ("name", "email", "account_number", "account_balance", "password", "created_at", "updated_at") VALUES (?, ?, ?, ?, ?, ?, ?)[0m  [["name", "Shizue Wiegand"], ["email", "antoine@abbott-stamm.test"], ["account_number", 4851714235.0], ["account_balance", nil], ["password", "[FILTERED]"], ["created_at", "2023-06-05 08:54:55.800429"], ["updated_at", "2023-06-05 08:54:55.800429"]]
  [1m[36mTRANSACTION (2.1ms)[0m  [1m[36mcommit transaction[0m
  [1m[36mTRANSACTION (0.1ms)[0m  [1m[36mbegin transaction[0m
  [1m[36mUser Create (0.6ms)[0m  [1m[32mINSERT INTO "users" ("name", "email", "account_number", "account_balance", "password", "created_at", "updated_at") VALUES (?, ?, ?, ?, ?, ?, ?)[0m  [["name", "Berry Schiller"], ["email", "shelby.jerde@murphy-heidenreich.example"], ["account_number", 5742515087.0], ["account_balance", nil], ["password", "[FILTERED]"], ["created_at", "2023-06-05 08:54:55.814900"], ["updated_at", "2023-06-05 08:54:55.814900"]]
  [1m[36mTRANSACTION (2.8ms)[0m  [1m[36mcommit transaction[0m
  [1m[36mTRANSACTION (0.1ms)[0m  [1m[36mbegin transaction[0m
  [1m[36mUser Create (0.4ms)[0m  [1m[32mINSERT INTO "users" ("name", "email", "account_number", "account_balance", "password", "created_at", "updated_at") VALUES (?, ?, ?, ?, ?, ?, ?)[0m  [["name", "Lacy Ritchie"], ["email", "vita.carter@ohara.example"], ["account_number", 3555969472.0], ["account_balance", nil], ["password", "[FILTERED]"], ["created_at", "2023-06-05 08:54:55.831566"], ["updated_at", "2023-06-05 08:54:55.831566"]]
  [1m[36mTRANSACTION (2.1ms)[0m  [1m[36mcommit transaction[0m
  [1m[36mTRANSACTION (0.1ms)[0m  [1m[36mbegin transaction[0m
  [1m[36mUser Create (0.3ms)[0m  [1m[32mINSERT INTO "users" ("name", "email", "account_number", "account_balance", "password", "created_at", "updated_at") VALUES (?, ?, ?, ?, ?, ?, ?)[0m  [["name", "Denver McKenzie"], ["email", "christian_gottlieb@legros-crona.test"], ["account_number", 4569533462.0], ["account_balance", nil], ["password", "[FILTERED]"], ["created_at", "2023-06-05 08:54:55.844875"], ["updated_at", "2023-06-05 08:54:55.844875"]]
  [1m[36mTRANSACTION (1.9ms)[0m  [1m[36mcommit transaction[0m
  [1m[36mTRANSACTION (0.1ms)[0m  [1m[36mbegin transaction[0m
  [1m[36mUser Create (0.5ms)[0m  [1m[32mINSERT INTO "users" ("name", "email", "account_number", "account_balance", "password", "created_at", "updated_at") VALUES (?, ?, ?, ?, ?, ?, ?)[0m  [["name", "Gov. Hung Hand"], ["email", "abe@feil-abshire.test"], ["account_number", 4392976738.0], ["account_balance", nil], ["password", "[FILTERED]"], ["created_at", "2023-06-05 08:54:55.857662"], ["updated_at", "2023-06-05 08:54:55.857662"]]
  [1m[36mTRANSACTION (2.0ms)[0m  [1m[36mcommit transaction[0m
  [1m[36mTRANSACTION (0.1ms)[0m  [1m[36mbegin transaction[0m
  [1m[36mUser Create (0.3ms)[0m  [1m[32mINSERT INTO "users" ("name", "email", "account_number", "account_balance", "password", "created_at", "updated_at") VALUES (?, ?, ?, ?, ?, ?, ?)[0m  [["name", "Mr. Val West"], ["email", "ira_rodriguez@leffler.example"], ["account_number", 3491832176.0], ["account_balance", nil], ["password", "[FILTERED]"], ["created_at", "2023-06-05 08:54:55.873233"], ["updated_at", "2023-06-05 08:54:55.873233"]]
  [1m[36mTRANSACTION (2.1ms)[0m  [1m[36mcommit transaction[0m
  [1m[36mTRANSACTION (0.1ms)[0m  [1m[36mbegin transaction[0m
  [1m[36mUser Create (0.6ms)[0m  [1m[32mINSERT INTO "users" ("name", "email", "account_number", "account_balance", "password", "created_at", "updated_at") VALUES (?, ?, ?, ?, ?, ?, ?)[0m  [["name", "Rep. Elenor Kshlerin"], ["email", "nada_labadie@mayert.test"], ["account_number", 7645843574.0], ["account_balance", nil], ["password", "[FILTERED]"], ["created_at", "2023-06-05 08:54:55.887124"], ["updated_at", "2023-06-05 08:54:55.887124"]]
  [1m[36mTRANSACTION (2.2ms)[0m  [1m[36mcommit transaction[0m
  [1m[36mTRANSACTION (0.1ms)[0m  [1m[36mbegin transaction[0m
  [1m[36mUser Create (0.3ms)[0m  [1m[32mINSERT INTO "users" ("name", "email", "account_number", "account_balance", "password", "created_at", "updated_at") VALUES (?, ?, ?, ?, ?, ?, ?)[0m  [["name", "Tommye Lowe VM"], ["email", "quentin@witting-sporer.example"], ["account_number", 1001408543.0], ["account_balance", nil], ["password", "[FILTERED]"], ["created_at", "2023-06-05 08:54:55.902832"], ["updated_at", "2023-06-05 08:54:55.902832"]]
  [1m[36mTRANSACTION (2.2ms)[0m  [1m[36mcommit transaction[0m
  [1m[36mTRANSACTION (0.1ms)[0m  [1m[36mbegin transaction[0m
  [1m[36mUser Create (0.3ms)[0m  [1m[32mINSERT INTO "users" ("name", "email", "account_number", "account_balance", "password", "created_at", "updated_at") VALUES (?, ?, ?, ?, ?, ?, ?)[0m  [["name", "Fr. Lashunda Kovacek"], ["email", "jaquelyn_beahan@schroeder.example"], ["account_number", 5850266851.0], ["account_balance", nil], ["password", "[FILTERED]"], ["created_at", "2023-06-05 08:54:55.915696"], ["updated_at", "2023-06-05 08:54:55.915696"]]
  [1m[36mTRANSACTION (2.3ms)[0m  [1m[36mcommit transaction[0m
  [1m[36mTRANSACTION (0.1ms)[0m  [1m[36mbegin transaction[0m
  [1m[36mUser Create (0.3ms)[0m  [1m[32mINSERT INTO "users" ("name", "email", "account_number", "account_balance", "password", "created_at", "updated_at") VALUES (?, ?, ?, ?, ?, ?, ?)[0m  [["name", "Amb. Minnie Mitchell"], ["email", "randolph_weimann@wyman.example"], ["account_number", 5361725583.0], ["account_balance", nil], ["password", "[FILTERED]"], ["created_at", "2023-06-05 08:54:55.928074"], ["updated_at", "2023-06-05 08:54:55.928074"]]
  [1m[36mTRANSACTION (1.7ms)[0m  [1m[36mcommit transaction[0m
  [1m[36mTRANSACTION (0.1ms)[0m  [1m[36mbegin transaction[0m
  [1m[36mUser Create (0.5ms)[0m  [1m[32mINSERT INTO "users" ("name", "email", "account_number", "account_balance", "password", "created_at", "updated_at") VALUES (?, ?, ?, ?, ?, ?, ?)[0m  [["name", "Ada Heaney DC"], ["email", "terry@grant.test"], ["account_number", 1629829451.0], ["account_balance", nil], ["password", "[FILTERED]"], ["created_at", "2023-06-05 08:54:55.939788"], ["updated_at", "2023-06-05 08:54:55.939788"]]
  [1m[36mTRANSACTION (1.8ms)[0m  [1m[36mcommit transaction[0m
  [1m[36mTRANSACTION (0.1ms)[0m  [1m[36mbegin transaction[0m
  [1m[36mUser Create (1.8ms)[0m  [1m[32mINSERT INTO "users" ("name", "email", "account_number", "account_balance", "password", "created_at", "updated_at") VALUES (?, ?, ?, ?, ?, ?, ?)[0m  [["name", "Weston Baumbach"], ["email", "flavia_gleichner@herman-braun.example"], ["account_number", 3893322169.0], ["account_balance", nil], ["password", "[FILTERED]"], ["created_at", "2023-06-05 08:54:55.953200"], ["updated_at", "2023-06-05 08:54:55.953200"]]
  [1m[36mTRANSACTION (1.9ms)[0m  [1m[36mcommit transaction[0m
